<?xml version="1.0" encoding="UTF-8"?>
<testsuite name="Login Test"
           tests="2"
           failures="0"
           errors="0"
           skipped="0"
           time="24.390">
  <properties />
  
  
            <testcase name="verifyProductsPriceDisplayHighToLowSuccessfully" time="2.363" classname="com.tutorialsninja.testsuite.LaptopsAndNoteBooksTest" />
                <testcase name="verifyThatUserPlaceOrderSuccessfully" time="22.027" classname="com.tutorialsninja.testsuite.LaptopsAndNoteBooksTest" />
      
</testsuite>
